2016-10-04 16:20:41,371 peewee                                             line:3672 DEBUG    ('SELECT 1 FROM "subfile" AS t1 WHERE ("t1"."name" = ?) LIMIT 1 OFFSET 0', [u'2d_bc_hx_MytMill_v3-01_L.shp'])
2016-10-04 16:20:41,384 peewee                                             line:3672 DEBUG    ('SELECT 1 FROM "modelfile_subfile" AS t1 WHERE (("t1"."model_file_id" = ?) AND ("t1"."sub_file_id" = ?)) LIMIT 1 OFFSET 0', [u'Perry2016_v5-00.tbc', u'2d_bc_hx_MytMill_v3-01_L.shp'])
2016-10-04 16:20:41,387 peewee                                             line:3672 DEBUG    ('SELECT 1 FROM "modelfile_subfile" AS t1 INNER JOIN "subfile" AS t2 ON ("t1"."sub_file_id" = "t2"."name") INNER JOIN "modelfile" AS t3 ON ("t1"."model_file_id" = "t3"."name") WHERE (("t3"."model_type" = ?) AND ("t2"."name" = ?)) LIMIT 1 OFFSET 0', [u'TBC', u'2d_bc_sx_BridgeSpills_MytMill_v1-00_L.shp'])
2016-10-04 16:20:41,407 peewee                                             line:3672 DEBUG    ('SELECT 1 FROM "subfile" AS t1 WHERE ("t1"."name" = ?) LIMIT 1 OFFSET 0', [u'2d_bc_sx_BridgeSpills_MytMill_v1-00_L.shp'])
2016-10-04 16:20:41,408 peewee                                             line:3672 DEBUG    ('SELECT 1 FROM "modelfile_subfile" AS t1 WHERE (("t1"."model_file_id" = ?) AND ("t1"."sub_file_id" = ?)) LIMIT 1 OFFSET 0', [u'Perry2016_v5-00.tbc', u'2d_bc_sx_BridgeSpills_MytMill_v1-00_L.shp'])
2016-10-04 16:20:41,411 peewee                                             line:3672 DEBUG    ('SELECT 1 FROM "modelfile_subfile" AS t1 INNER JOIN "subfile" AS t2 ON ("t1"."sub_file_id" = "t2"."name") INNER JOIN "modelfile" AS t3 ON ("t1"."model_file_id" = "t3"."name") WHERE (("t3"."model_type" = ?) AND ("t2"."name" = ?)) LIMIT 1 OFFSET 0', [u'TBC', u'2d_bc_DSB_MytMill_v2-00_L.shp'])
2016-10-04 16:20:41,411 peewee                                             line:3672 DEBUG    ('SELECT 1 FROM "subfile" AS t1 WHERE ("t1"."name" = ?) LIMIT 1 OFFSET 0', [u'2d_bc_DSB_MytMill_v2-00_L.shp'])
2016-10-04 16:20:41,413 peewee                                             line:3672 DEBUG    ('SELECT 1 FROM "modelfile_subfile" AS t1 WHERE (("t1"."model_file_id" = ?) AND ("t1"."sub_file_id" = ?)) LIMIT 1 OFFSET 0', [u'Perry2016_v5-00.tbc', u'2d_bc_DSB_MytMill_v2-00_L.shp'])
2016-10-04 16:20:41,414 peewee                                             line:3672 DEBUG    ('SELECT 1 FROM "modelfile" AS t1 WHERE ("t1"."name" = ?) LIMIT 1 OFFSET 0', [u'Perry2016_Events_v1-00.tef'])
2016-10-04 16:20:41,415 peewee                                             line:3672 DEBUG    ('SELECT 1 FROM "modelfile" AS t1 WHERE ("t1"."name" = ?) LIMIT 1 OFFSET 0', [u'MytMill_bc_dbase_v2-00.csv'])
2016-10-04 16:20:41,417 peewee                                             line:3672 DEBUG    ('SELECT 1 FROM "modelfile_subfile" AS t1 INNER JOIN "subfile" AS t2 ON ("t1"."sub_file_id" = "t2"."name") INNER JOIN "modelfile" AS t3 ON ("t1"."model_file_id" = "t3"."name") WHERE (("t3"."model_type" = ?) AND ("t2"."name" = ?)) LIMIT 1 OFFSET 0', [u'BC_DBASE', u'Severn_DSB_Q10_0-2.csv'])
2016-10-04 16:20:41,426 peewee                                             line:3672 DEBUG    ('SELECT 1 FROM "subfile" AS t1 WHERE ("t1"."name" = ?) LIMIT 1 OFFSET 0', [u'Severn_DSB_Q10_0-2.csv'])
2016-10-04 16:20:41,427 peewee                                             line:3672 DEBUG    ('SELECT 1 FROM "modelfile_subfile" AS t1 WHERE (("t1"."model_file_id" = ?) AND ("t1"."sub_file_id" = ?)) LIMIT 1 OFFSET 0', [u'MytMill_bc_dbase_v2-00.csv', u'Severn_DSB_Q10_0-2.csv'])
2016-10-04 16:20:41,427 peewee                                             line:3672 DEBUG    ('BEGIN DEFERRED', None)
2016-10-04 16:20:41,428 peewee                                             line:3672 DEBUG    ('INSERT INTO "modelfile" ("name", "model_type", "comments", "timestamp") VALUES (?, ?, ?, ?)', [u'Perry2016_BL_T{v5-00}.tcf', u'TCF', u'None', datetime.datetime(2016, 10, 4, 16, 20, 41, 429000)])
2016-10-04 16:20:41,477 peewee                                             line:3672 DEBUG    ('INSERT INTO "modelfile" ("name", "model_type", "comments", "timestamp") VALUES (?, ?, ?, ?)', [u'Perry2016_v5-00.tgc', u'TGC', u'None', datetime.datetime(2016, 10, 4, 16, 20, 41, 477000)])
2016-10-04 16:20:41,480 peewee                                             line:3672 DEBUG    ('INSERT INTO "modelfile" ("name", "model_type", "comments", "timestamp") VALUES (?, ?, ?, ?)', [u'Perry2016_v5-00.tbc', u'TBC', u'None', datetime.datetime(2016, 10, 4, 16, 20, 41, 479000)])
2016-10-04 16:20:41,480 peewee                                             line:3672 DEBUG    ('INSERT INTO "modelfile" ("name", "model_type", "comments", "timestamp") VALUES (?, ?, ?, ?)', [u'Perry2016_Events_v1-00.tef', u'TEF', u'None', datetime.datetime(2016, 10, 4, 16, 20, 41, 480000)])
2016-10-04 16:20:41,482 peewee                                             line:3672 DEBUG    ('INSERT INTO "modelfile" ("name", "model_type", "comments", "timestamp") VALUES (?, ?, ?, ?)', [u'MytMill_bc_dbase_v2-00.csv', u'BC_DBASE', u'None', datetime.datetime(2016, 10, 4, 16, 20, 41, 481000)])
2016-10-04 16:20:41,483 peewee                                             line:3672 DEBUG    ('INSERT INTO "subfile" ("name", "timestamp") VALUES (?, ?)', [u'1d_x1d_IsisNodes_MytMill_v2-01_P.shp', datetime.datetime(2016, 10, 4, 16, 20, 41, 482000)])
2016-10-04 16:20:41,483 peewee                                             line:3672 DEBUG    ('INSERT INTO "subfile" ("name", "timestamp") VALUES (?, ?)', [u'1d_x1d_BridgeSpills_MytMill_v1-00_P.shp', datetime.datetime(2016, 10, 4, 16, 20, 41, 484000)])
2016-10-04 16:20:41,484 peewee                                             line:3672 DEBUG    ('INSERT INTO "subfile" ("name", "timestamp") VALUES (?, ?)', [u'1d_wll_MytMill_v3-01_L.shp', datetime.datetime(2016, 10, 4, 16, 20, 41, 485000)])
2016-10-04 16:20:41,486 peewee                                             line:3672 DEBUG    ('INSERT INTO "subfile" ("name", "timestamp") VALUES (?, ?)', [u'1d_nwk_MytMill_v2-01_L.shp', datetime.datetime(2016, 10, 4, 16, 20, 41, 486000)])
2016-10-04 16:20:41,486 peewee                                             line:3672 DEBUG    ('INSERT INTO "subfile" ("name", "timestamp") VALUES (?, ?)', [u'Perry2016_Events_v1-00.tef', datetime.datetime(2016, 10, 4, 16, 20, 41, 487000)])
2016-10-04 16:20:41,487 peewee                                             line:3672 DEBUG    ('INSERT INTO "subfile" ("name", "timestamp") VALUES (?, ?)', [u'Perry2016_v5-00.tgc', datetime.datetime(2016, 10, 4, 16, 20, 41, 488000)])
2016-10-04 16:20:41,489 peewee                                             line:3672 DEBUG    ('INSERT INTO "subfile" ("name", "timestamp") VALUES (?, ?)', [u'Perry2016_v5-00.tbc', datetime.datetime(2016, 10, 4, 16, 20, 41, 489000)])
2016-10-04 16:20:41,490 peewee                                             line:3672 DEBUG    ('INSERT INTO "subfile" ("name", "timestamp") VALUES (?, ?)', [u'MytMill_bc_dbase_v2-00.csv', datetime.datetime(2016, 10, 4, 16, 20, 41, 489000)])
2016-10-04 16:20:41,490 peewee                                             line:3672 DEBUG    ('INSERT INTO "subfile" ("name", "timestamp") VALUES (?, ?)', [u'2d_loc_MytMill_v1-00_L.shp', datetime.datetime(2016, 10, 4, 16, 20, 41, 490000)])
2016-10-04 16:20:41,492 peewee                                             line:3672 DEBUG    ('INSERT INTO "subfile" ("name", "timestamp") VALUES (?, ?)', [u'2d_code_MytMill_v5-00_R.shp', datetime.datetime(2016, 10, 4, 16, 20, 41, 491000)])
2016-10-04 16:20:41,493 peewee                                             line:3672 DEBUG    ('INSERT INTO "subfile" ("name", "timestamp") VALUES (?, ?)', [u'2d_code_Off_MytMill_v3-01_R.shp', datetime.datetime(2016, 10, 4, 16, 20, 41, 492000)])
2016-10-04 16:20:41,493 peewee                                             line:3672 DEBUG    ('INSERT INTO "subfile" ("name", "timestamp") VALUES (?, ?)', [u'16021_1m_LiDAR_Merged_001.asc', datetime.datetime(2016, 10, 4, 16, 20, 41, 493000)])
2016-10-04 16:20:41,494 peewee                                             line:3672 DEBUG    ('INSERT INTO "subfile" ("name", "timestamp") VALUES (?, ?)', [u'2d_zsh_Smoothing_MytMill_v2-00_R.shp', datetime.datetime(2016, 10, 4, 16, 20, 41, 494000)])
2016-10-04 16:20:41,496 peewee                                             line:3672 DEBUG    ('INSERT INTO "subfile" ("name", "timestamp") VALUES (?, ?)', [u'2d_zsh_DsbSmoothing_MytMill_v2-00_R.shp', datetime.datetime(2016, 10, 4, 16, 20, 41, 496000)])
2016-10-04 16:20:41,499 peewee                                             line:3672 DEBUG    ('INSERT INTO "subfile" ("name", "timestamp") VALUES (?, ?)', [u'2d_zsh_CurrentNorthSiteTopo_MytMill_v1-00_R.shp', datetime.datetime(2016, 10, 4, 16, 20, 41, 499000)])
2016-10-04 16:20:41,500 peewee                                             line:3672 DEBUG    ('INSERT INTO "subfile" ("name", "timestamp") VALUES (?, ?)', [u'2d_zsh_CurrentNorthSiteTopo_MytMill_v1-00_P.shp', datetime.datetime(2016, 10, 4, 16, 20, 41, 500000)])
2016-10-04 16:20:41,500 peewee                                             line:3672 DEBUG    ('INSERT INTO "subfile" ("name", "timestamp") VALUES (?, ?)', [u'2d_zsh_CurrentNorthSiteTopo_MytMill_v1-00_L.shp', datetime.datetime(2016, 10, 4, 16, 20, 41, 501000)])
2016-10-04 16:20:41,502 peewee                                             line:3672 DEBUG    ('INSERT INTO "subfile" ("name", "timestamp") VALUES (?, ?)', [u'2d_zsh_Links_MytMill_v3-01_L.shp', datetime.datetime(2016, 10, 4, 16, 20, 41, 502000)])
2016-10-04 16:20:41,503 peewee                                             line:3672 DEBUG    ('INSERT INTO "subfile" ("name", "timestamp") VALUES (?, ?)', [u'2d_zsh_Links_MytMill_v3-01_P.shp', datetime.datetime(2016, 10, 4, 16, 20, 41, 502000)])
2016-10-04 16:20:41,503 peewee                                             line:3672 DEBUG    ('INSERT INTO "subfile" ("name", "timestamp") VALUES (?, ?)', [u'2d_zsh_CurrentBuildings_MytMill_v1-00_R.shp', datetime.datetime(2016, 10, 4, 16, 20, 41, 503000)])
2016-10-04 16:20:41,505 peewee                                             line:3672 DEBUG    ('INSERT INTO "subfile" ("name", "timestamp") VALUES (?, ?)', [u'2d_zsh_CurrentWalls_MytMill_v1-00_L.shp', datetime.datetime(2016, 10, 4, 16, 20, 41, 504000)])
2016-10-04 16:20:41,506 peewee                                             line:3672 DEBUG    ('INSERT INTO "subfile" ("name", "timestamp") VALUES (?, ?)', [u'2d_zsh_BuildingEdge_MytMill_v1-00_L.shp', datetime.datetime(2016, 10, 4, 16, 20, 41, 505000)])
2016-10-04 16:20:41,506 peewee                                             line:3672 DEBUG    ('INSERT INTO "subfile" ("name", "timestamp") VALUES (?, ?)', [u'2d_zsh_BuildingEdge_MytMill_v1-00_P.shp', datetime.datetime(2016, 10, 4, 16, 20, 41, 506000)])
2016-10-04 16:20:41,507 peewee                                             line:3672 DEBUG    ('INSERT INTO "subfile" ("name", "timestamp") VALUES (?, ?)', [u'2d_zsh_CurrentBunds_MytMill_v1-00_L.shp', datetime.datetime(2016, 10, 4, 16, 20, 41, 507000)])
2016-10-04 16:20:41,509 peewee                                             line:3672 DEBUG    ('INSERT INTO "subfile" ("name", "timestamp") VALUES (?, ?)', [u'2d_zsh_CurrentBunds_MytMill_v1-00_P.shp', datetime.datetime(2016, 10, 4, 16, 20, 41, 508000)])
2016-10-04 16:20:41,509 peewee                                             line:3672 DEBUG    ('INSERT INTO "subfile" ("name", "timestamp") VALUES (?, ?)', [u'2d_zsh_BridgeAccess_MytMill_v1-00_R.shp', datetime.datetime(2016, 10, 4, 16, 20, 41, 509000)])
2016-10-04 16:20:41,510 peewee                                             line:3672 DEBUG    ('INSERT INTO "subfile" ("name", "timestamp") VALUES (?, ?)', [u'2d_zsh_BridgeAccess_MytMill_v1-00_P.shp', datetime.datetime(2016, 10, 4, 16, 20, 41, 510000)])
2016-10-04 16:20:41,512 peewee                                             line:3672 DEBUG    ('INSERT INTO "subfile" ("name", "timestamp") VALUES (?, ?)', [u'2d_zsh_BridgeAccess_MytMill_v1-00_L.shp', datetime.datetime(2016, 10, 4, 16, 20, 41, 511000)])
2016-10-04 16:20:41,513 peewee                                             line:3672 DEBUG    ('INSERT INTO "subfile" ("name", "timestamp") VALUES (?, ?)', [u'2d_zsh_BridgeDeck_MytMill_v1-00_R.shp', datetime.datetime(2016, 10, 4, 16, 20, 41, 512000)])
2016-10-04 16:20:41,513 peewee                                             line:3672 DEBUG    ('INSERT INTO "subfile" ("name", "timestamp") VALUES (?, ?)', [u'2d_mat_MytMill_v2-00_R.shp', datetime.datetime(2016, 10, 4, 16, 20, 41, 513000)])
2016-10-04 16:20:41,513 peewee                                             line:3672 DEBUG    ('INSERT INTO "subfile" ("name", "timestamp") VALUES (?, ?)', [u'2d_mat_Stability_MytMill_v2-00_R.shp', datetime.datetime(2016, 10, 4, 16, 20, 41, 514000)])
2016-10-04 16:20:41,515 peewee                                             line:3672 DEBUG    ('INSERT INTO "subfile" ("name", "timestamp") VALUES (?, ?)', [u'2d_mat_DsbStability_MytMill_v2-00_R.shp', datetime.datetime(2016, 10, 4, 16, 20, 41, 515000)])
2016-10-04 16:20:41,516 peewee                                             line:3672 DEBUG    ('INSERT INTO "subfile" ("name", "timestamp") VALUES (?, ?)', [u'2d_bc_hx_MytMill_v3-01_L.shp', datetime.datetime(2016, 10, 4, 16, 20, 41, 516000)])
2016-10-04 16:20:41,516 peewee                                             line:3672 DEBUG    ('INSERT INTO "subfile" ("name", "timestamp") VALUES (?, ?)', [u'2d_bc_sx_BridgeSpills_MytMill_v1-00_L.shp', datetime.datetime(2016, 10, 4, 16, 20, 41, 517000)])
2016-10-04 16:20:41,517 peewee                                             line:3672 DEBUG    ('INSERT INTO "subfile" ("name", "timestamp") VALUES (?, ?)', [u'2d_bc_DSB_MytMill_v2-00_L.shp', datetime.datetime(2016, 10, 4, 16, 20, 41, 518000)])
2016-10-04 16:20:41,519 peewee                                             line:3672 DEBUG    ('INSERT INTO "subfile" ("name", "timestamp") VALUES (?, ?)', [u'Severn_DSB_Q10_0-2.csv', datetime.datetime(2016, 10, 4, 16, 20, 41, 519000)])
2016-10-04 16:20:41,519 peewee                                             line:3672 DEBUG    ('INSERT INTO "modelfile_subfile" ("model_file_id", "sub_file_id", "new_file", "timestamp") VALUES (?, ?, ?, ?)', [u'Perry2016_BL_T{v5-00}.tcf', u'1d_x1d_IsisNodes_MytMill_v2-01_P.shp', True, datetime.datetime(2016, 10, 4, 16, 20, 41, 520000)])
2016-10-04 16:20:41,523 peewee                                             line:3672 DEBUG    ('INSERT INTO "modelfile_subfile" ("model_file_id", "sub_file_id", "new_file", "timestamp") VALUES (?, ?, ?, ?)', [u'Perry2016_BL_T{v5-00}.tcf', u'1d_x1d_BridgeSpills_MytMill_v1-00_P.shp', True, datetime.datetime(2016, 10, 4, 16, 20, 41, 524000)])
2016-10-04 16:20:41,526 peewee                                             line:3672 DEBUG    ('INSERT INTO "modelfile_subfile" ("model_file_id", "sub_file_id", "new_file", "timestamp") VALUES (?, ?, ?, ?)', [u'Perry2016_BL_T{v5-00}.tcf', u'1d_wll_MytMill_v3-01_L.shp', True, datetime.datetime(2016, 10, 4, 16, 20, 41, 525000)])
2016-10-04 16:20:41,526 peewee                                             line:3672 DEBUG    ('INSERT INTO "modelfile_subfile" ("model_file_id", "sub_file_id", "new_file", "timestamp") VALUES (?, ?, ?, ?)', [u'Perry2016_BL_T{v5-00}.tcf', u'1d_nwk_MytMill_v2-01_L.shp', True, datetime.datetime(2016, 10, 4, 16, 20, 41, 526000)])
2016-10-04 16:20:41,529 peewee                                             line:3672 DEBUG    ('INSERT INTO "modelfile_subfile" ("model_file_id", "sub_file_id", "new_file", "timestamp") VALUES (?, ?, ?, ?)', [u'Perry2016_BL_T{v5-00}.tcf', u'Perry2016_Events_v1-00.tef', True, datetime.datetime(2016, 10, 4, 16, 20, 41, 527000)])
2016-10-04 16:20:41,532 peewee                                             line:3672 DEBUG    ('INSERT INTO "modelfile_subfile" ("model_file_id", "sub_file_id", "new_file", "timestamp") VALUES (?, ?, ?, ?)', [u'Perry2016_BL_T{v5-00}.tcf', u'Perry2016_v5-00.tgc', True, datetime.datetime(2016, 10, 4, 16, 20, 41, 531000)])
2016-10-04 16:20:41,532 peewee                                             line:3672 DEBUG    ('INSERT INTO "modelfile_subfile" ("model_file_id", "sub_file_id", "new_file", "timestamp") VALUES (?, ?, ?, ?)', [u'Perry2016_BL_T{v5-00}.tcf', u'Perry2016_v5-00.tbc', True, datetime.datetime(2016, 10, 4, 16, 20, 41, 532000)])
2016-10-04 16:20:41,533 peewee                                             line:3672 DEBUG    ('INSERT INTO "modelfile_subfile" ("model_file_id", "sub_file_id", "new_file", "timestamp") VALUES (?, ?, ?, ?)', [u'Perry2016_BL_T{v5-00}.tcf', u'MytMill_bc_dbase_v2-00.csv', True, datetime.datetime(2016, 10, 4, 16, 20, 41, 533000)])
2016-10-04 16:20:41,536 peewee                                             line:3672 DEBUG    ('INSERT INTO "modelfile_subfile" ("model_file_id", "sub_file_id", "new_file", "timestamp") VALUES (?, ?, ?, ?)', [u'Perry2016_BL_T{v5-00}.tcf', u'materials.tmf', False, datetime.datetime(2016, 10, 4, 16, 20, 41, 535000)])
2016-10-04 16:20:41,536 peewee                                             line:3672 DEBUG    ('INSERT INTO "modelfile_subfile" ("model_file_id", "sub_file_id", "new_file", "timestamp") VALUES (?, ?, ?, ?)', [u'Perry2016_v5-00.tgc', u'2d_loc_MytMill_v1-00_L.shp', True, datetime.datetime(2016, 10, 4, 16, 20, 41, 536000)])
2016-10-04 16:20:41,538 peewee                                             line:3672 DEBUG    ('INSERT INTO "modelfile_subfile" ("model_file_id", "sub_file_id", "new_file", "timestamp") VALUES (?, ?, ?, ?)', [u'Perry2016_v5-00.tgc', u'2d_code_MytMill_v5-00_R.shp', True, datetime.datetime(2016, 10, 4, 16, 20, 41, 537000)])
2016-10-04 16:20:41,539 peewee                                             line:3672 DEBUG    ('INSERT INTO "modelfile_subfile" ("model_file_id", "sub_file_id", "new_file", "timestamp") VALUES (?, ?, ?, ?)', [u'Perry2016_v5-00.tgc', u'2d_code_Off_MytMill_v3-01_R.shp', True, datetime.datetime(2016, 10, 4, 16, 20, 41, 539000)])
2016-10-04 16:20:41,539 peewee                                             line:3672 DEBUG    ('INSERT INTO "modelfile_subfile" ("model_file_id", "sub_file_id", "new_file", "timestamp") VALUES (?, ?, ?, ?)', [u'Perry2016_v5-00.tgc', u'16021_1m_LiDAR_Merged_001.asc', True, datetime.datetime(2016, 10, 4, 16, 20, 41, 540000)])
2016-10-04 16:20:41,542 peewee                                             line:3672 DEBUG    ('INSERT INTO "modelfile_subfile" ("model_file_id", "sub_file_id", "new_file", "timestamp") VALUES (?, ?, ?, ?)', [u'Perry2016_v5-00.tgc', u'2d_zsh_Smoothing_MytMill_v2-00_R.shp', True, datetime.datetime(2016, 10, 4, 16, 20, 41, 541000)])
2016-10-04 16:20:41,542 peewee                                             line:3672 DEBUG    ('INSERT INTO "modelfile_subfile" ("model_file_id", "sub_file_id", "new_file", "timestamp") VALUES (?, ?, ?, ?)', [u'Perry2016_v5-00.tgc', u'2d_zsh_DsbSmoothing_MytMill_v2-00_R.shp', True, datetime.datetime(2016, 10, 4, 16, 20, 41, 542000)])
2016-10-04 16:20:41,543 peewee                                             line:3672 DEBUG    ('INSERT INTO "modelfile_subfile" ("model_file_id", "sub_file_id", "new_file", "timestamp") VALUES (?, ?, ?, ?)', [u'Perry2016_v5-00.tgc', u'2d_zsh_CurrentNorthSiteTopo_MytMill_v1-00_R.shp', True, datetime.datetime(2016, 10, 4, 16, 20, 41, 543000)])
2016-10-04 16:20:41,545 peewee                                             line:3672 DEBUG    ('INSERT INTO "modelfile_subfile" ("model_file_id", "sub_file_id", "new_file", "timestamp") VALUES (?, ?, ?, ?)', [u'Perry2016_v5-00.tgc', u'2d_zsh_CurrentNorthSiteTopo_MytMill_v1-00_P.shp', True, datetime.datetime(2016, 10, 4, 16, 20, 41, 544000)])
2016-10-04 16:20:41,546 peewee                                             line:3672 DEBUG    ('INSERT INTO "modelfile_subfile" ("model_file_id", "sub_file_id", "new_file", "timestamp") VALUES (?, ?, ?, ?)', [u'Perry2016_v5-00.tgc', u'2d_zsh_CurrentNorthSiteTopo_MytMill_v1-00_L.shp', True, datetime.datetime(2016, 10, 4, 16, 20, 41, 546000)])
2016-10-04 16:20:41,546 peewee                                             line:3672 DEBUG    ('INSERT INTO "modelfile_subfile" ("model_file_id", "sub_file_id", "new_file", "timestamp") VALUES (?, ?, ?, ?)', [u'Perry2016_v5-00.tgc', u'2d_zsh_Links_MytMill_v3-01_L.shp', True, datetime.datetime(2016, 10, 4, 16, 20, 41, 547000)])
2016-10-04 16:20:41,549 peewee                                             line:3672 DEBUG    ('INSERT INTO "modelfile_subfile" ("model_file_id", "sub_file_id", "new_file", "timestamp") VALUES (?, ?, ?, ?)', [u'Perry2016_v5-00.tgc', u'2d_zsh_Links_MytMill_v3-01_P.shp', True, datetime.datetime(2016, 10, 4, 16, 20, 41, 548000)])
2016-10-04 16:20:41,549 peewee                                             line:3672 DEBUG    ('INSERT INTO "modelfile_subfile" ("model_file_id", "sub_file_id", "new_file", "timestamp") VALUES (?, ?, ?, ?)', [u'Perry2016_v5-00.tgc', u'2d_zsh_CurrentBuildings_MytMill_v1-00_R.shp', True, datetime.datetime(2016, 10, 4, 16, 20, 41, 549000)])
2016-10-04 16:20:41,551 peewee                                             line:3672 DEBUG    ('INSERT INTO "modelfile_subfile" ("model_file_id", "sub_file_id", "new_file", "timestamp") VALUES (?, ?, ?, ?)', [u'Perry2016_v5-00.tgc', u'2d_zsh_CurrentWalls_MytMill_v1-00_L.shp', True, datetime.datetime(2016, 10, 4, 16, 20, 41, 551000)])
2016-10-04 16:20:41,552 peewee                                             line:3672 DEBUG    ('INSERT INTO "modelfile_subfile" ("model_file_id", "sub_file_id", "new_file", "timestamp") VALUES (?, ?, ?, ?)', [u'Perry2016_v5-00.tgc', u'2d_zsh_BuildingEdge_MytMill_v1-00_L.shp', True, datetime.datetime(2016, 10, 4, 16, 20, 41, 552000)])
2016-10-04 16:20:41,553 peewee                                             line:3672 DEBUG    ('INSERT INTO "modelfile_subfile" ("model_file_id", "sub_file_id", "new_file", "timestamp") VALUES (?, ?, ?, ?)', [u'Perry2016_v5-00.tgc', u'2d_zsh_BuildingEdge_MytMill_v1-00_P.shp', True, datetime.datetime(2016, 10, 4, 16, 20, 41, 553000)])
2016-10-04 16:20:41,555 peewee                                             line:3672 DEBUG    ('INSERT INTO "modelfile_subfile" ("model_file_id", "sub_file_id", "new_file", "timestamp") VALUES (?, ?, ?, ?)', [u'Perry2016_v5-00.tgc', u'2d_zsh_CurrentBunds_MytMill_v1-00_L.shp', True, datetime.datetime(2016, 10, 4, 16, 20, 41, 554000)])
2016-10-04 16:20:41,555 peewee                                             line:3672 DEBUG    ('INSERT INTO "modelfile_subfile" ("model_file_id", "sub_file_id", "new_file", "timestamp") VALUES (?, ?, ?, ?)', [u'Perry2016_v5-00.tgc', u'2d_zsh_CurrentBunds_MytMill_v1-00_P.shp', True, datetime.datetime(2016, 10, 4, 16, 20, 41, 555000)])
2016-10-04 16:20:41,556 peewee                                             line:3672 DEBUG    ('INSERT INTO "modelfile_subfile" ("model_file_id", "sub_file_id", "new_file", "timestamp") VALUES (?, ?, ?, ?)', [u'Perry2016_v5-00.tgc', u'2d_zsh_BridgeAccess_MytMill_v1-00_R.shp', True, datetime.datetime(2016, 10, 4, 16, 20, 41, 557000)])
2016-10-04 16:20:41,558 peewee                                             line:3672 DEBUG    ('INSERT INTO "modelfile_subfile" ("model_file_id", "sub_file_id", "new_file", "timestamp") VALUES (?, ?, ?, ?)', [u'Perry2016_v5-00.tgc', u'2d_zsh_BridgeAccess_MytMill_v1-00_P.shp', True, datetime.datetime(2016, 10, 4, 16, 20, 41, 558000)])
2016-10-04 16:20:41,559 peewee                                             line:3672 DEBUG    ('INSERT INTO "modelfile_subfile" ("model_file_id", "sub_file_id", "new_file", "timestamp") VALUES (?, ?, ?, ?)', [u'Perry2016_v5-00.tgc', u'2d_zsh_BridgeAccess_MytMill_v1-00_L.shp', True, datetime.datetime(2016, 10, 4, 16, 20, 41, 559000)])
2016-10-04 16:20:41,561 peewee                                             line:3672 DEBUG    ('INSERT INTO "modelfile_subfile" ("model_file_id", "sub_file_id", "new_file", "timestamp") VALUES (?, ?, ?, ?)', [u'Perry2016_v5-00.tgc', u'2d_zsh_BridgeDeck_MytMill_v1-00_R.shp', True, datetime.datetime(2016, 10, 4, 16, 20, 41, 560000)])
2016-10-04 16:20:41,562 peewee                                             line:3672 DEBUG    ('INSERT INTO "modelfile_subfile" ("model_file_id", "sub_file_id", "new_file", "timestamp") VALUES (?, ?, ?, ?)', [u'Perry2016_v5-00.tgc', u'2d_mat_MytMill_v2-00_R.shp', True, datetime.datetime(2016, 10, 4, 16, 20, 41, 561000)])
2016-10-04 16:20:41,569 peewee                                             line:3672 DEBUG    ('INSERT INTO "modelfile_subfile" ("model_file_id", "sub_file_id", "new_file", "timestamp") VALUES (?, ?, ?, ?)', [u'Perry2016_v5-00.tgc', u'2d_mat_Stability_MytMill_v2-00_R.shp', True, datetime.datetime(2016, 10, 4, 16, 20, 41, 569000)])
2016-10-04 16:20:41,571 peewee                                             line:3672 DEBUG    ('INSERT INTO "modelfile_subfile" ("model_file_id", "sub_file_id", "new_file", "timestamp") VALUES (?, ?, ?, ?)', [u'Perry2016_v5-00.tgc', u'2d_mat_DsbStability_MytMill_v2-00_R.shp', True, datetime.datetime(2016, 10, 4, 16, 20, 41, 570000)])
2016-10-04 16:20:41,572 peewee                                             line:3672 DEBUG    ('INSERT INTO "modelfile_subfile" ("model_file_id", "sub_file_id", "new_file", "timestamp") VALUES (?, ?, ?, ?)', [u'Perry2016_v5-00.tbc', u'2d_bc_hx_MytMill_v3-01_L.shp', True, datetime.datetime(2016, 10, 4, 16, 20, 41, 572000)])
2016-10-04 16:20:41,573 peewee                                             line:3672 DEBUG    ('INSERT INTO "modelfile_subfile" ("model_file_id", "sub_file_id", "new_file", "timestamp") VALUES (?, ?, ?, ?)', [u'Perry2016_v5-00.tbc', u'2d_bc_sx_BridgeSpills_MytMill_v1-00_L.shp', True, datetime.datetime(2016, 10, 4, 16, 20, 41, 573000)])
2016-10-04 16:20:41,575 peewee                                             line:3672 DEBUG    ('INSERT INTO "modelfile_subfile" ("model_file_id", "sub_file_id", "new_file", "timestamp") VALUES (?, ?, ?, ?)', [u'Perry2016_v5-00.tbc', u'2d_bc_DSB_MytMill_v2-00_L.shp', True, datetime.datetime(2016, 10, 4, 16, 20, 41, 574000)])
2016-10-04 16:20:41,575 peewee                                             line:3672 DEBUG    ('INSERT INTO "modelfile_subfile" ("model_file_id", "sub_file_id", "new_file", "timestamp") VALUES (?, ?, ?, ?)', [u'MytMill_bc_dbase_v2-00.csv', u'Severn_DSB_Q10_0-2.csv', True, datetime.datetime(2016, 10, 4, 16, 20, 41, 576000)])
2016-10-04 16:20:41,576 peewee                                             line:3672 DEBUG    ('INSERT INTO "run_modelfile" ("run_id", "model_file_id", "new_file", "timestamp") VALUES (?, ?, ?, ?)', [8, u'Perry2016_BL_T{v5-00}.tcf', True, datetime.datetime(2016, 10, 4, 16, 20, 41, 577000)])
2016-10-04 16:20:41,578 peewee                                             line:3672 DEBUG    ('INSERT INTO "run_modelfile" ("run_id", "model_file_id", "new_file", "timestamp") VALUES (?, ?, ?, ?)', [8, u'Perry2016_v5-00.tgc', True, datetime.datetime(2016, 10, 4, 16, 20, 41, 578000)])
2016-10-04 16:20:41,579 peewee                                             line:3672 DEBUG    ('INSERT INTO "run_modelfile" ("run_id", "model_file_id", "new_file", "timestamp") VALUES (?, ?, ?, ?)', [8, u'Perry2016_v5-00.tbc', True, datetime.datetime(2016, 10, 4, 16, 20, 41, 580000)])
2016-10-04 16:20:41,581 peewee                                             line:3672 DEBUG    ('INSERT INTO "run_modelfile" ("run_id", "model_file_id", "new_file", "timestamp") VALUES (?, ?, ?, ?)', [8, u'Perry2016_Events_v1-00.tef', True, datetime.datetime(2016, 10, 4, 16, 20, 41, 581000)])
2016-10-04 16:20:41,582 peewee                                             line:3672 DEBUG    ('INSERT INTO "run_modelfile" ("run_id", "model_file_id", "new_file", "timestamp") VALUES (?, ?, ?, ?)', [8, u'MytMill_bc_dbase_v2-00.csv', True, datetime.datetime(2016, 10, 4, 16, 20, 41, 582000)])
2016-10-04 16:20:41,802 peewee                                             line:3672 DEBUG    ('SELECT "t1"."id", "t1"."dat_id", "t1"."run_hash", "t1"."setup", "t1"."comments", "t1"."ief", "t1"."tcf", "t1"."isis_results", "t1"."tuflow_results", "t1"."estry_results", "t1"."event_duration", "t1"."run_status", "t1"."mb", "t1"."modeller", "t1"."isis_version", "t1"."tuflow_version", "t1"."event_name", "t1"."ief_dir", "t1"."tcf_dir", "t1"."log_dir", "t1"."run_options", "t1"."timestamp" FROM "run" AS t1', [])
2016-10-04 16:20:41,825 __main__                                           line:1025 INFO     Log Database successfully updated
2016-10-04 16:20:43,661 __main__                                           line:1522 DEBUG    Unnamed tab has not implemented an activation notice
2016-10-04 16:21:37,671 peewee                                             line:3672 DEBUG    ('SELECT "t1"."id", "t1"."run_id", "t1"."model_file_id", "t1"."new_file", "t1"."timestamp", "t3"."id", "t3"."dat_id", "t3"."run_hash", "t3"."setup", "t3"."comments", "t3"."ief", "t3"."tcf", "t3"."isis_results", "t3"."tuflow_results", "t3"."estry_results", "t3"."event_duration", "t3"."run_status", "t3"."mb", "t3"."modeller", "t3"."isis_version", "t3"."tuflow_version", "t3"."event_name", "t3"."ief_dir", "t3"."tcf_dir", "t3"."log_dir", "t3"."run_options", "t3"."timestamp", "t2"."name", "t2"."model_type", "t2"."comments", "t2"."timestamp" FROM "run_modelfile" AS t1 INNER JOIN "modelfile" AS t2 ON ("t1"."model_file_id" = "t2"."name") INNER JOIN "run" AS t3 ON ("t1"."run_id" = "t3"."id") WHERE ("t3"."id" = ?)', [8])
2016-10-04 16:22:11,861 peewee                                             line:3672 DEBUG    ('SELECT "t1"."name", "t1"."model_type", "t1"."comments", "t1"."timestamp" FROM "modelfile" AS t1 WHERE ("t1"."model_type" = ?)', [u'TEF'])
2016-10-04 16:22:17,357 peewee                                             line:3672 DEBUG    ('SELECT "t1"."id", "t1"."model_file_id", "t1"."sub_file_id", "t1"."new_file", "t1"."timestamp", "t3"."name", "t3"."model_type", "t3"."comments", "t3"."timestamp", "t2"."name", "t2"."timestamp" FROM "modelfile_subfile" AS t1 INNER JOIN "subfile" AS t2 ON ("t1"."sub_file_id" = "t2"."name") INNER JOIN "modelfile" AS t3 ON ("t1"."model_file_id" = "t3"."name") WHERE (("t3"."model_type" = ?) AND ("t3"."name" = ?))', [u'TEF', u'Perry2016_Events_v1-00.tef'])
2016-10-04 16:22:26,956 peewee                                             line:3672 DEBUG    ('SELECT "t1"."name", "t1"."model_type", "t1"."comments", "t1"."timestamp" FROM "modelfile" AS t1 WHERE ("t1"."model_type" = ?)', [u'BC_DBASE'])
2016-10-04 16:22:30,486 peewee                                             line:3672 DEBUG    ('SELECT "t1"."id", "t1"."model_file_id", "t1"."sub_file_id", "t1"."new_file", "t1"."timestamp", "t3"."name", "t3"."model_type", "t3"."comments", "t3"."timestamp", "t2"."name", "t2"."timestamp" FROM "modelfile_subfile" AS t1 INNER JOIN "subfile" AS t2 ON ("t1"."sub_file_id" = "t2"."name") INNER JOIN "modelfile" AS t3 ON ("t1"."model_file_id" = "t3"."name") WHERE (("t3"."model_type" = ?) AND ("t3"."name" = ?))', [u'BC_DBASE', u'MytMill_bc_dbase_v2-00.csv'])
2016-10-04 16:22:59,198 __main__                                           line:1533 DEBUG    Unnamed tab has not implemented an deactivation notice
2016-10-04 16:23:02,789 __main__                                           line:1522 DEBUG    Unnamed tab has not implemented an activation notice
2016-10-04 16:23:18,858 __main__                                           line:1172 INFO     Closing program
2016-10-04 16:23:18,859 __main__                                           line:1173 INFO     Saving user settings to: C:\Users\duncan.runnacles\Documents\Programming\Python\Logit\LogIt\src\logit\settings.logset
